07-Jul-2019 06:26:18.580 WARNING [main] org.apache.tomcat.util.digester.SetPropertiesRule.begin Match [Server/Service/Engine/Host/Context] failed to set property [debug] to [0]
07-Jul-2019 06:26:18.661 INFO [main] org.apache.catalina.startup.VersionLoggerListener.log Server version name:   Apache Tomcat/9.0.21
07-Jul-2019 06:26:18.661 INFO [main] org.apache.catalina.startup.VersionLoggerListener.log Server built:          Jun 4 2019 20:19:36 UTC
07-Jul-2019 06:26:18.661 INFO [main] org.apache.catalina.startup.VersionLoggerListener.log Server version number: 9.0.21.0
07-Jul-2019 06:26:18.662 INFO [main] org.apache.catalina.startup.VersionLoggerListener.log OS Name:               Linux
07-Jul-2019 06:26:18.662 INFO [main] org.apache.catalina.startup.VersionLoggerListener.log OS Version:            3.10.0-514.26.2.el7.x86_64
07-Jul-2019 06:26:18.662 INFO [main] org.apache.catalina.startup.VersionLoggerListener.log Architecture:          amd64
07-Jul-2019 06:26:18.662 INFO [main] org.apache.catalina.startup.VersionLoggerListener.log Java Home:             /usr/lib/jvm/java-1.8.0-openjdk-1.8.0.212.b04-0.el7_6.x86_64/jre
07-Jul-2019 06:26:18.662 INFO [main] org.apache.catalina.startup.VersionLoggerListener.log JVM Version:           1.8.0_212-b04
07-Jul-2019 06:26:18.662 INFO [main] org.apache.catalina.startup.VersionLoggerListener.log JVM Vendor:            Oracle Corporation
07-Jul-2019 06:26:18.662 INFO [main] org.apache.catalina.startup.VersionLoggerListener.log CATALINA_BASE:         /root/tomcat/apache-tomcat-9.0.21
07-Jul-2019 06:26:18.662 INFO [main] org.apache.catalina.startup.VersionLoggerListener.log CATALINA_HOME:         /root/tomcat/apache-tomcat-9.0.21
07-Jul-2019 06:26:18.662 INFO [main] org.apache.catalina.startup.VersionLoggerListener.log Command line argument: -Djava.util.logging.config.file=/root/tomcat/apache-tomcat-9.0.21/conf/logging.properties
07-Jul-2019 06:26:18.662 INFO [main] org.apache.catalina.startup.VersionLoggerListener.log Command line argument: -Djava.util.logging.manager=org.apache.juli.ClassLoaderLogManager
07-Jul-2019 06:26:18.662 INFO [main] org.apache.catalina.startup.VersionLoggerListener.log Command line argument: -Djdk.tls.ephemeralDHKeySize=2048
07-Jul-2019 06:26:18.663 INFO [main] org.apache.catalina.startup.VersionLoggerListener.log Command line argument: -Djava.protocol.handler.pkgs=org.apache.catalina.webresources
07-Jul-2019 06:26:18.663 INFO [main] org.apache.catalina.startup.VersionLoggerListener.log Command line argument: -Dorg.apache.catalina.security.SecurityListener.UMASK=0027
07-Jul-2019 06:26:18.663 INFO [main] org.apache.catalina.startup.VersionLoggerListener.log Command line argument: -Dcom.sun.management.jmxremote
07-Jul-2019 06:26:18.663 INFO [main] org.apache.catalina.startup.VersionLoggerListener.log Command line argument: -Dcom.sun.management.jmxremote.port=1099
07-Jul-2019 06:26:18.663 INFO [main] org.apache.catalina.startup.VersionLoggerListener.log Command line argument: -Dcom.sun.management.jmxremote.ssl=false
07-Jul-2019 06:26:18.663 INFO [main] org.apache.catalina.startup.VersionLoggerListener.log Command line argument: -Dcom.sun.management.jmxremote.authenticate=false
07-Jul-2019 06:26:18.663 INFO [main] org.apache.catalina.startup.VersionLoggerListener.log Command line argument: -Djava.rmi.server.hostname=120.78.83.173
07-Jul-2019 06:26:18.663 INFO [main] org.apache.catalina.startup.VersionLoggerListener.log Command line argument: -agentlib:jdwp=transport=dt_socket,address=15833,suspend=n,server=y
07-Jul-2019 06:26:18.663 INFO [main] org.apache.catalina.startup.VersionLoggerListener.log Command line argument: -Dignore.endorsed.dirs=
07-Jul-2019 06:26:18.663 INFO [main] org.apache.catalina.startup.VersionLoggerListener.log Command line argument: -Dcatalina.base=/root/tomcat/apache-tomcat-9.0.21
07-Jul-2019 06:26:18.663 INFO [main] org.apache.catalina.startup.VersionLoggerListener.log Command line argument: -Dcatalina.home=/root/tomcat/apache-tomcat-9.0.21
07-Jul-2019 06:26:18.663 INFO [main] org.apache.catalina.startup.VersionLoggerListener.log Command line argument: -Djava.io.tmpdir=/root/tomcat/apache-tomcat-9.0.21/temp
07-Jul-2019 06:26:18.663 INFO [main] org.apache.catalina.core.AprLifecycleListener.lifecycleEvent The APR based Apache Tomcat Native library which allows optimal performance in production environments was not found on the java.library.path: [/usr/java/packages/lib/amd64:/usr/lib64:/lib64:/lib:/usr/lib]
07-Jul-2019 06:26:19.180 INFO [main] org.apache.coyote.AbstractProtocol.init Initializing ProtocolHandler ["http-nio-8080"]
07-Jul-2019 06:26:19.224 INFO [main] org.apache.coyote.AbstractProtocol.init Initializing ProtocolHandler ["ajp-nio-8009"]
07-Jul-2019 06:26:19.233 INFO [main] org.apache.catalina.startup.Catalina.load Server initialization in [1,057] milliseconds
07-Jul-2019 06:26:19.306 INFO [main] org.apache.catalina.core.StandardService.startInternal Starting service [Catalina]
07-Jul-2019 06:26:19.306 INFO [main] org.apache.catalina.core.StandardEngine.startInternal Starting Servlet engine: [Apache Tomcat/9.0.21]
07-Jul-2019 06:26:20.722 INFO [main] org.apache.jasper.servlet.TldScanner.scanJars At least one JAR was scanned for TLDs yet contained no TLDs. Enable debug logging for this logger for a complete list of JARs that were scanned but no TLDs were found in them. Skipping unneeded JARs during scanning can improve startup time and JSP compilation time.
07-Jul-2019 06:33:16.100 WARNING [main] org.apache.catalina.util.SessionIdGeneratorBase.createSecureRandom Creation of SecureRandom instance for session ID generation using [SHA1PRNG] took [415,373] milliseconds.
07-Jul-2019 06:33:16.145 INFO [main] org.apache.catalina.startup.HostConfig.deployDirectory Deploying web application directory [/root/tomcat/apache-tomcat-9.0.21/webapps/firstweb_war_exploded]
07-Jul-2019 06:33:16.579 INFO [main] org.apache.jasper.servlet.TldScanner.scanJars At least one JAR was scanned for TLDs yet contained no TLDs. Enable debug logging for this logger for a complete list of JARs that were scanned but no TLDs were found in them. Skipping unneeded JARs during scanning can improve startup time and JSP compilation time.
07-Jul-2019 06:33:16.599 INFO [main] org.apache.catalina.startup.HostConfig.deployDirectory Deployment of web application directory [/root/tomcat/apache-tomcat-9.0.21/webapps/firstweb_war_exploded] has finished in [453] ms
07-Jul-2019 06:33:16.611 INFO [main] org.apache.coyote.AbstractProtocol.start Starting ProtocolHandler ["http-nio-8080"]
07-Jul-2019 06:33:16.619 INFO [main] org.apache.coyote.AbstractProtocol.start Starting ProtocolHandler ["ajp-nio-8009"]
07-Jul-2019 06:33:16.630 INFO [main] org.apache.catalina.startup.Catalina.start Server startup in [417,396] milliseconds
07-Jul-2019 06:54:38.792 INFO [Catalina-utility-2] org.apache.catalina.startup.HostConfig.reload Reloading context [/firstweb_war_exploded]
07-Jul-2019 06:54:38.792 INFO [Catalina-utility-2] org.apache.catalina.core.StandardContext.reload Reloading Context with name [/firstweb_war_exploded] has started
07-Jul-2019 06:54:39.154 INFO [Catalina-utility-2] org.apache.jasper.servlet.TldScanner.scanJars At least one JAR was scanned for TLDs yet contained no TLDs. Enable debug logging for this logger for a complete list of JARs that were scanned but no TLDs were found in them. Skipping unneeded JARs during scanning can improve startup time and JSP compilation time.
07-Jul-2019 06:54:39.174 INFO [Catalina-utility-2] org.apache.catalina.core.StandardContext.reload Reloading Context with name [/firstweb_war_exploded] is completed
07-Jul-2019 06:57:07.447 INFO [RMI TCP Connection(500)-223.104.247.167] org.apache.jasper.servlet.TldScanner.scanJars At least one JAR was scanned for TLDs yet contained no TLDs. Enable debug logging for this logger for a complete list of JARs that were scanned but no TLDs were found in them. Skipping unneeded JARs during scanning can improve startup time and JSP compilation time.
07-Jul-2019 09:52:15.878 INFO [http-nio-8080-exec-20] org.apache.coyote.http11.Http11Processor.service Error parsing HTTP request header
 Note: further occurrences of HTTP request parsing errors will be logged at DEBUG level.
	java.lang.IllegalArgumentException: Invalid character found in method name. HTTP method names must be tokens
		at org.apache.coyote.http11.Http11InputBuffer.parseRequestLine(Http11InputBuffer.java:415)
		at org.apache.coyote.http11.Http11Processor.service(Http11Processor.java:294)
		at org.apache.coyote.AbstractProcessorLight.process(AbstractProcessorLight.java:66)
		at org.apache.coyote.AbstractProtocol$ConnectionHandler.process(AbstractProtocol.java:853)
		at org.apache.tomcat.util.net.NioEndpoint$SocketProcessor.doRun(NioEndpoint.java:1587)
		at org.apache.tomcat.util.net.SocketProcessorBase.run(SocketProcessorBase.java:49)
		at java.util.concurrent.ThreadPoolExecutor.runWorker(ThreadPoolExecutor.java:1149)
		at java.util.concurrent.ThreadPoolExecutor$Worker.run(ThreadPoolExecutor.java:624)
		at org.apache.tomcat.util.threads.TaskThread$WrappingRunnable.run(TaskThread.java:61)
		at java.lang.Thread.run(Thread.java:748)
07-Jul-2019 11:26:57.862 INFO [RMI TCP Connection(8345)-223.104.247.167] org.apache.jasper.servlet.TldScanner.scanJars At least one JAR was scanned for TLDs yet contained no TLDs. Enable debug logging for this logger for a complete list of JARs that were scanned but no TLDs were found in them. Skipping unneeded JARs during scanning can improve startup time and JSP compilation time.
07-Jul-2019 13:38:48.352 INFO [http-nio-8080-exec-32] org.apache.coyote.http11.Http11Processor.service Error parsing HTTP request header
 Note: further occurrences of HTTP request parsing errors will be logged at DEBUG level.
	java.lang.IllegalArgumentException: Invalid character found in method name. HTTP method names must be tokens
		at org.apache.coyote.http11.Http11InputBuffer.parseRequestLine(Http11InputBuffer.java:415)
		at org.apache.coyote.http11.Http11Processor.service(Http11Processor.java:294)
		at org.apache.coyote.AbstractProcessorLight.process(AbstractProcessorLight.java:66)
		at org.apache.coyote.AbstractProtocol$ConnectionHandler.process(AbstractProtocol.java:853)
		at org.apache.tomcat.util.net.NioEndpoint$SocketProcessor.doRun(NioEndpoint.java:1587)
		at org.apache.tomcat.util.net.SocketProcessorBase.run(SocketProcessorBase.java:49)
		at java.util.concurrent.ThreadPoolExecutor.runWorker(ThreadPoolExecutor.java:1149)
		at java.util.concurrent.ThreadPoolExecutor$Worker.run(ThreadPoolExecutor.java:624)
		at org.apache.tomcat.util.threads.TaskThread$WrappingRunnable.run(TaskThread.java:61)
		at java.lang.Thread.run(Thread.java:748)
07-Jul-2019 15:53:08.640 WARNING [RMI TCP Accept-0] sun.rmi.transport.tcp.TCPTransport$AcceptLoop.executeAcceptLoop RMI TCP Accept-0: accept loop for ServerSocket[addr=0.0.0.0/0.0.0.0,localport=38191] throws
	java.io.IOException: The server sockets created using the LocalRMIServerSocketFactory only accept connections from clients running on the host where the RMI remote objects have been exported.
		at sun.management.jmxremote.LocalRMIServerSocketFactory$1.accept(LocalRMIServerSocketFactory.java:114)
		at sun.rmi.transport.tcp.TCPTransport$AcceptLoop.executeAcceptLoop(TCPTransport.java:405)
		at sun.rmi.transport.tcp.TCPTransport$AcceptLoop.run(TCPTransport.java:377)
		at java.lang.Thread.run(Thread.java:748)
