05-Jul-2019 00:37:37.647 INFO [Thread-5] org.apache.coyote.AbstractProtocol.pause Pausing ProtocolHandler ["http-nio-8080"]
05-Jul-2019 00:37:37.662 INFO [Thread-5] org.apache.coyote.AbstractProtocol.pause Pausing ProtocolHandler ["ajp-nio-8009"]
05-Jul-2019 00:37:37.668 INFO [Thread-5] org.apache.catalina.core.StandardService.stopInternal Stopping service [Catalina]
05-Jul-2019 00:37:37.710 INFO [Thread-5] org.apache.coyote.AbstractProtocol.stop Stopping ProtocolHandler ["http-nio-8080"]
05-Jul-2019 00:37:37.715 INFO [Thread-5] org.apache.coyote.AbstractProtocol.stop Stopping ProtocolHandler ["ajp-nio-8009"]
05-Jul-2019 00:37:37.717 INFO [Thread-5] org.apache.coyote.AbstractProtocol.destroy Destroying ProtocolHandler ["http-nio-8080"]
05-Jul-2019 00:37:37.719 INFO [Thread-5] org.apache.coyote.AbstractProtocol.destroy Destroying ProtocolHandler ["ajp-nio-8009"]
05-Jul-2019 20:51:13.882 WARNING [main] org.apache.tomcat.util.digester.SetPropertiesRule.begin Match [Server/Service/Engine/Host/Context] failed to set property [debug] to [0]
05-Jul-2019 20:51:13.953 INFO [main] org.apache.catalina.startup.VersionLoggerListener.log Server version name:   Apache Tomcat/9.0.21
05-Jul-2019 20:51:13.953 INFO [main] org.apache.catalina.startup.VersionLoggerListener.log Server built:          Jun 4 2019 20:19:36 UTC
05-Jul-2019 20:51:13.953 INFO [main] org.apache.catalina.startup.VersionLoggerListener.log Server version number: 9.0.21.0
05-Jul-2019 20:51:13.954 INFO [main] org.apache.catalina.startup.VersionLoggerListener.log OS Name:               Linux
05-Jul-2019 20:51:13.954 INFO [main] org.apache.catalina.startup.VersionLoggerListener.log OS Version:            3.10.0-514.26.2.el7.x86_64
05-Jul-2019 20:51:13.954 INFO [main] org.apache.catalina.startup.VersionLoggerListener.log Architecture:          amd64
05-Jul-2019 20:51:13.954 INFO [main] org.apache.catalina.startup.VersionLoggerListener.log Java Home:             /usr/lib/jvm/java-1.8.0-openjdk-1.8.0.212.b04-0.el7_6.x86_64/jre
05-Jul-2019 20:51:13.954 INFO [main] org.apache.catalina.startup.VersionLoggerListener.log JVM Version:           1.8.0_212-b04
05-Jul-2019 20:51:13.954 INFO [main] org.apache.catalina.startup.VersionLoggerListener.log JVM Vendor:            Oracle Corporation
05-Jul-2019 20:51:13.954 INFO [main] org.apache.catalina.startup.VersionLoggerListener.log CATALINA_BASE:         /root/tomcat/apache-tomcat-9.0.21
05-Jul-2019 20:51:13.954 INFO [main] org.apache.catalina.startup.VersionLoggerListener.log CATALINA_HOME:         /root/tomcat/apache-tomcat-9.0.21
05-Jul-2019 20:51:13.954 INFO [main] org.apache.catalina.startup.VersionLoggerListener.log Command line argument: -Djava.util.logging.config.file=/root/tomcat/apache-tomcat-9.0.21/conf/logging.properties
05-Jul-2019 20:51:13.954 INFO [main] org.apache.catalina.startup.VersionLoggerListener.log Command line argument: -Djava.util.logging.manager=org.apache.juli.ClassLoaderLogManager
05-Jul-2019 20:51:13.955 INFO [main] org.apache.catalina.startup.VersionLoggerListener.log Command line argument: -Djdk.tls.ephemeralDHKeySize=2048
05-Jul-2019 20:51:13.955 INFO [main] org.apache.catalina.startup.VersionLoggerListener.log Command line argument: -Djava.protocol.handler.pkgs=org.apache.catalina.webresources
05-Jul-2019 20:51:13.955 INFO [main] org.apache.catalina.startup.VersionLoggerListener.log Command line argument: -Dorg.apache.catalina.security.SecurityListener.UMASK=0027
05-Jul-2019 20:51:13.955 INFO [main] org.apache.catalina.startup.VersionLoggerListener.log Command line argument: -Dcom.sun.management.jmxremote
05-Jul-2019 20:51:13.955 INFO [main] org.apache.catalina.startup.VersionLoggerListener.log Command line argument: -Dcom.sun.management.jmxremote.port=1099
05-Jul-2019 20:51:13.955 INFO [main] org.apache.catalina.startup.VersionLoggerListener.log Command line argument: -Dcom.sun.management.jmxremote.ssl=false
05-Jul-2019 20:51:13.955 INFO [main] org.apache.catalina.startup.VersionLoggerListener.log Command line argument: -Dcom.sun.management.jmxremote.authenticate=false
05-Jul-2019 20:51:13.955 INFO [main] org.apache.catalina.startup.VersionLoggerListener.log Command line argument: -Djava.rmi.server.hostname=120.78.83.173
05-Jul-2019 20:51:13.955 INFO [main] org.apache.catalina.startup.VersionLoggerListener.log Command line argument: -agentlib:jdwp=transport=dt_socket,address=15833,suspend=n,server=y
05-Jul-2019 20:51:13.955 INFO [main] org.apache.catalina.startup.VersionLoggerListener.log Command line argument: -Dignore.endorsed.dirs=
05-Jul-2019 20:51:13.955 INFO [main] org.apache.catalina.startup.VersionLoggerListener.log Command line argument: -Dcatalina.base=/root/tomcat/apache-tomcat-9.0.21
05-Jul-2019 20:51:13.955 INFO [main] org.apache.catalina.startup.VersionLoggerListener.log Command line argument: -Dcatalina.home=/root/tomcat/apache-tomcat-9.0.21
05-Jul-2019 20:51:13.955 INFO [main] org.apache.catalina.startup.VersionLoggerListener.log Command line argument: -Djava.io.tmpdir=/root/tomcat/apache-tomcat-9.0.21/temp
05-Jul-2019 20:51:13.956 INFO [main] org.apache.catalina.core.AprLifecycleListener.lifecycleEvent The APR based Apache Tomcat Native library which allows optimal performance in production environments was not found on the java.library.path: [/usr/java/packages/lib/amd64:/usr/lib64:/lib64:/lib:/usr/lib]
05-Jul-2019 20:51:14.482 INFO [main] org.apache.coyote.AbstractProtocol.init Initializing ProtocolHandler ["http-nio-8080"]
05-Jul-2019 20:51:14.551 INFO [main] org.apache.coyote.AbstractProtocol.init Initializing ProtocolHandler ["ajp-nio-8009"]
05-Jul-2019 20:51:14.571 INFO [main] org.apache.catalina.startup.Catalina.load Server initialization in [1,084] milliseconds
05-Jul-2019 20:51:14.611 INFO [main] org.apache.catalina.core.StandardService.startInternal Starting service [Catalina]
05-Jul-2019 20:51:14.611 INFO [main] org.apache.catalina.core.StandardEngine.startInternal Starting Servlet engine: [Apache Tomcat/9.0.21]
05-Jul-2019 20:51:16.167 INFO [main] org.apache.jasper.servlet.TldScanner.scanJars At least one JAR was scanned for TLDs yet contained no TLDs. Enable debug logging for this logger for a complete list of JARs that were scanned but no TLDs were found in them. Skipping unneeded JARs during scanning can improve startup time and JSP compilation time.
05-Jul-2019 20:52:47.744 WARNING [main] org.apache.catalina.util.SessionIdGeneratorBase.createSecureRandom Creation of SecureRandom instance for session ID generation using [SHA1PRNG] took [91,572] milliseconds.
05-Jul-2019 20:52:47.778 INFO [main] org.apache.catalina.startup.HostConfig.deployDirectory Deploying web application directory [/root/tomcat/apache-tomcat-9.0.21/webapps/firstweb_war_exploded]
05-Jul-2019 20:52:48.221 INFO [main] org.apache.jasper.servlet.TldScanner.scanJars At least one JAR was scanned for TLDs yet contained no TLDs. Enable debug logging for this logger for a complete list of JARs that were scanned but no TLDs were found in them. Skipping unneeded JARs during scanning can improve startup time and JSP compilation time.
05-Jul-2019 20:52:48.229 INFO [main] org.apache.catalina.startup.HostConfig.deployDirectory Deployment of web application directory [/root/tomcat/apache-tomcat-9.0.21/webapps/firstweb_war_exploded] has finished in [450] ms
05-Jul-2019 20:52:48.245 INFO [main] org.apache.coyote.AbstractProtocol.start Starting ProtocolHandler ["http-nio-8080"]
05-Jul-2019 20:52:48.277 INFO [main] org.apache.coyote.AbstractProtocol.start Starting ProtocolHandler ["ajp-nio-8009"]
05-Jul-2019 20:52:48.288 INFO [main] org.apache.catalina.startup.Catalina.start Server startup in [93,717] milliseconds
05-Jul-2019 21:01:48.378 INFO [Catalina-utility-1] org.apache.catalina.startup.HostConfig.reload Reloading context [/firstweb_war_exploded]
05-Jul-2019 21:01:48.378 INFO [Catalina-utility-1] org.apache.catalina.core.StandardContext.reload Reloading Context with name [/firstweb_war_exploded] has started
05-Jul-2019 21:01:48.882 INFO [Catalina-utility-1] org.apache.jasper.servlet.TldScanner.scanJars At least one JAR was scanned for TLDs yet contained no TLDs. Enable debug logging for this logger for a complete list of JARs that were scanned but no TLDs were found in them. Skipping unneeded JARs during scanning can improve startup time and JSP compilation time.
05-Jul-2019 21:01:48.884 INFO [Catalina-utility-1] org.apache.catalina.core.StandardContext.reload Reloading Context with name [/firstweb_war_exploded] is completed
05-Jul-2019 21:06:17.661 SEVERE [RMI TCP Connection(1338)-112.17.240.245] org.apache.tomcat.util.modeler.BaseModelMBean.invoke Exception invoking method [manageApp]
	java.lang.IllegalStateException: Error starting child
		at org.apache.catalina.core.ContainerBase.addChildInternal(ContainerBase.java:720)
		at org.apache.catalina.core.ContainerBase.addChild(ContainerBase.java:690)
		at org.apache.catalina.core.StandardHost.addChild(StandardHost.java:705)
		at org.apache.catalina.startup.HostConfig.manageApp(HostConfig.java:1728)
		at sun.reflect.NativeMethodAccessorImpl.invoke0(Native Method)
		at sun.reflect.NativeMethodAccessorImpl.invoke(NativeMethodAccessorImpl.java:62)
		at sun.reflect.DelegatingMethodAccessorImpl.invoke(DelegatingMethodAccessorImpl.java:43)
		at java.lang.reflect.Method.invoke(Method.java:498)
		at org.apache.tomcat.util.modeler.BaseModelMBean.invoke(BaseModelMBean.java:289)
		at com.sun.jmx.interceptor.DefaultMBeanServerInterceptor.invoke(DefaultMBeanServerInterceptor.java:819)
		at com.sun.jmx.mbeanserver.JmxMBeanServer.invoke(JmxMBeanServer.java:801)
		at org.apache.catalina.mbeans.MBeanFactory.createStandardContext(MBeanFactory.java:457)
		at org.apache.catalina.mbeans.MBeanFactory.createStandardContext(MBeanFactory.java:406)
		at sun.reflect.NativeMethodAccessorImpl.invoke0(Native Method)
		at sun.reflect.NativeMethodAccessorImpl.invoke(NativeMethodAccessorImpl.java:62)
		at sun.reflect.DelegatingMethodAccessorImpl.invoke(DelegatingMethodAccessorImpl.java:43)
		at java.lang.reflect.Method.invoke(Method.java:498)
		at org.apache.tomcat.util.modeler.BaseModelMBean.invoke(BaseModelMBean.java:289)
		at com.sun.jmx.interceptor.DefaultMBeanServerInterceptor.invoke(DefaultMBeanServerInterceptor.java:819)
		at com.sun.jmx.mbeanserver.JmxMBeanServer.invoke(JmxMBeanServer.java:801)
		at javax.management.remote.rmi.RMIConnectionImpl.doOperation(RMIConnectionImpl.java:1468)
		at javax.management.remote.rmi.RMIConnectionImpl.access$300(RMIConnectionImpl.java:76)
		at javax.management.remote.rmi.RMIConnectionImpl$PrivilegedOperation.run(RMIConnectionImpl.java:1309)
		at javax.management.remote.rmi.RMIConnectionImpl.doPrivilegedOperation(RMIConnectionImpl.java:1401)
		at javax.management.remote.rmi.RMIConnectionImpl.invoke(RMIConnectionImpl.java:829)
		at sun.reflect.NativeMethodAccessorImpl.invoke0(Native Method)
		at sun.reflect.NativeMethodAccessorImpl.invoke(NativeMethodAccessorImpl.java:62)
		at sun.reflect.DelegatingMethodAccessorImpl.invoke(DelegatingMethodAccessorImpl.java:43)
		at java.lang.reflect.Method.invoke(Method.java:498)
		at sun.rmi.server.UnicastServerRef.dispatch(UnicastServerRef.java:357)
		at sun.rmi.transport.Transport$1.run(Transport.java:200)
		at sun.rmi.transport.Transport$1.run(Transport.java:197)
		at java.security.AccessController.doPrivileged(Native Method)
		at sun.rmi.transport.Transport.serviceCall(Transport.java:196)
		at sun.rmi.transport.tcp.TCPTransport.handleMessages(TCPTransport.java:573)
		at sun.rmi.transport.tcp.TCPTransport$ConnectionHandler.run0(TCPTransport.java:834)
		at sun.rmi.transport.tcp.TCPTransport$ConnectionHandler.lambda$run$0(TCPTransport.java:688)
		at java.security.AccessController.doPrivileged(Native Method)
		at sun.rmi.transport.tcp.TCPTransport$ConnectionHandler.run(TCPTransport.java:687)
		at java.util.concurrent.ThreadPoolExecutor.runWorker(ThreadPoolExecutor.java:1149)
		at java.util.concurrent.ThreadPoolExecutor$Worker.run(ThreadPoolExecutor.java:624)
		at java.lang.Thread.run(Thread.java:748)
	Caused by: org.apache.catalina.LifecycleException: Failed to start component [org.apache.catalina.webresources.StandardRoot@7cbea4c4]
		at org.apache.catalina.util.LifecycleBase.handleSubClassException(LifecycleBase.java:440)
		at org.apache.catalina.util.LifecycleBase.start(LifecycleBase.java:198)
		at org.apache.catalina.core.StandardContext.resourcesStart(StandardContext.java:4797)
		at org.apache.catalina.core.StandardContext.startInternal(StandardContext.java:4932)
		at org.apache.catalina.util.LifecycleBase.start(LifecycleBase.java:183)
		at org.apache.catalina.core.ContainerBase.addChildInternal(ContainerBase.java:717)
		... 41 more
	Caused by: java.lang.IllegalArgumentException: The main resource set specified [/WebDemo/firstweb_war_exploded] is not valid
		at org.apache.catalina.webresources.StandardRoot.createMainResourceSet(StandardRoot.java:752)
		at org.apache.catalina.webresources.StandardRoot.startInternal(StandardRoot.java:709)
		at org.apache.catalina.util.LifecycleBase.start(LifecycleBase.java:183)
		... 45 more
05-Jul-2019 21:06:17.668 SEVERE [RMI TCP Connection(1338)-112.17.240.245] org.apache.tomcat.util.modeler.BaseModelMBean.invoke Exception invoking method [createStandardContext]
	javax.management.RuntimeOperationsException: Exception invoking method [manageApp]
		at org.apache.tomcat.util.modeler.BaseModelMBean.invoke(BaseModelMBean.java:298)
		at com.sun.jmx.interceptor.DefaultMBeanServerInterceptor.invoke(DefaultMBeanServerInterceptor.java:819)
		at com.sun.jmx.mbeanserver.JmxMBeanServer.invoke(JmxMBeanServer.java:801)
		at org.apache.catalina.mbeans.MBeanFactory.createStandardContext(MBeanFactory.java:457)
		at org.apache.catalina.mbeans.MBeanFactory.createStandardContext(MBeanFactory.java:406)
		at sun.reflect.NativeMethodAccessorImpl.invoke0(Native Method)
		at sun.reflect.NativeMethodAccessorImpl.invoke(NativeMethodAccessorImpl.java:62)
		at sun.reflect.DelegatingMethodAccessorImpl.invoke(DelegatingMethodAccessorImpl.java:43)
		at java.lang.reflect.Method.invoke(Method.java:498)
		at org.apache.tomcat.util.modeler.BaseModelMBean.invoke(BaseModelMBean.java:289)
		at com.sun.jmx.interceptor.DefaultMBeanServerInterceptor.invoke(DefaultMBeanServerInterceptor.java:819)
		at com.sun.jmx.mbeanserver.JmxMBeanServer.invoke(JmxMBeanServer.java:801)
		at javax.management.remote.rmi.RMIConnectionImpl.doOperation(RMIConnectionImpl.java:1468)
		at javax.management.remote.rmi.RMIConnectionImpl.access$300(RMIConnectionImpl.java:76)
		at javax.management.remote.rmi.RMIConnectionImpl$PrivilegedOperation.run(RMIConnectionImpl.java:1309)
		at javax.management.remote.rmi.RMIConnectionImpl.doPrivilegedOperation(RMIConnectionImpl.java:1401)
		at javax.management.remote.rmi.RMIConnectionImpl.invoke(RMIConnectionImpl.java:829)
		at sun.reflect.NativeMethodAccessorImpl.invoke0(Native Method)
		at sun.reflect.NativeMethodAccessorImpl.invoke(NativeMethodAccessorImpl.java:62)
		at sun.reflect.DelegatingMethodAccessorImpl.invoke(DelegatingMethodAccessorImpl.java:43)
		at java.lang.reflect.Method.invoke(Method.java:498)
		at sun.rmi.server.UnicastServerRef.dispatch(UnicastServerRef.java:357)
		at sun.rmi.transport.Transport$1.run(Transport.java:200)
		at sun.rmi.transport.Transport$1.run(Transport.java:197)
		at java.security.AccessController.doPrivileged(Native Method)
		at sun.rmi.transport.Transport.serviceCall(Transport.java:196)
		at sun.rmi.transport.tcp.TCPTransport.handleMessages(TCPTransport.java:573)
		at sun.rmi.transport.tcp.TCPTransport$ConnectionHandler.run0(TCPTransport.java:834)
		at sun.rmi.transport.tcp.TCPTransport$ConnectionHandler.lambda$run$0(TCPTransport.java:688)
		at java.security.AccessController.doPrivileged(Native Method)
		at sun.rmi.transport.tcp.TCPTransport$ConnectionHandler.run(TCPTransport.java:687)
		at java.util.concurrent.ThreadPoolExecutor.runWorker(ThreadPoolExecutor.java:1149)
		at java.util.concurrent.ThreadPoolExecutor$Worker.run(ThreadPoolExecutor.java:624)
		at java.lang.Thread.run(Thread.java:748)
	Caused by: java.lang.IllegalStateException: Error starting child
		at org.apache.catalina.core.ContainerBase.addChildInternal(ContainerBase.java:720)
		at org.apache.catalina.core.ContainerBase.addChild(ContainerBase.java:690)
		at org.apache.catalina.core.StandardHost.addChild(StandardHost.java:705)
		at org.apache.catalina.startup.HostConfig.manageApp(HostConfig.java:1728)
		at sun.reflect.NativeMethodAccessorImpl.invoke0(Native Method)
		at sun.reflect.NativeMethodAccessorImpl.invoke(NativeMethodAccessorImpl.java:62)
		at sun.reflect.DelegatingMethodAccessorImpl.invoke(DelegatingMethodAccessorImpl.java:43)
		at java.lang.reflect.Method.invoke(Method.java:498)
		at org.apache.tomcat.util.modeler.BaseModelMBean.invoke(BaseModelMBean.java:289)
		... 33 more
	Caused by: org.apache.catalina.LifecycleException: Failed to start component [org.apache.catalina.webresources.StandardRoot@7cbea4c4]
		at org.apache.catalina.util.LifecycleBase.handleSubClassException(LifecycleBase.java:440)
		at org.apache.catalina.util.LifecycleBase.start(LifecycleBase.java:198)
		at org.apache.catalina.core.StandardContext.resourcesStart(StandardContext.java:4797)
		at org.apache.catalina.core.StandardContext.startInternal(StandardContext.java:4932)
		at org.apache.catalina.util.LifecycleBase.start(LifecycleBase.java:183)
		at org.apache.catalina.core.ContainerBase.addChildInternal(ContainerBase.java:717)
		... 41 more
	Caused by: java.lang.IllegalArgumentException: The main resource set specified [/WebDemo/firstweb_war_exploded] is not valid
		at org.apache.catalina.webresources.StandardRoot.createMainResourceSet(StandardRoot.java:752)
		at org.apache.catalina.webresources.StandardRoot.startInternal(StandardRoot.java:709)
		at org.apache.catalina.util.LifecycleBase.start(LifecycleBase.java:183)
		... 45 more
05-Jul-2019 21:34:54.387 SEVERE [RMI TCP Connection(3630)-112.17.240.245] org.apache.tomcat.util.modeler.BaseModelMBean.invoke Exception invoking method [manageApp]
	java.lang.IllegalStateException: Error starting child
		at org.apache.catalina.core.ContainerBase.addChildInternal(ContainerBase.java:720)
		at org.apache.catalina.core.ContainerBase.addChild(ContainerBase.java:690)
		at org.apache.catalina.core.StandardHost.addChild(StandardHost.java:705)
		at org.apache.catalina.startup.HostConfig.manageApp(HostConfig.java:1728)
		at sun.reflect.NativeMethodAccessorImpl.invoke0(Native Method)
		at sun.reflect.NativeMethodAccessorImpl.invoke(NativeMethodAccessorImpl.java:62)
		at sun.reflect.DelegatingMethodAccessorImpl.invoke(DelegatingMethodAccessorImpl.java:43)
		at java.lang.reflect.Method.invoke(Method.java:498)
		at org.apache.tomcat.util.modeler.BaseModelMBean.invoke(BaseModelMBean.java:289)
		at com.sun.jmx.interceptor.DefaultMBeanServerInterceptor.invoke(DefaultMBeanServerInterceptor.java:819)
		at com.sun.jmx.mbeanserver.JmxMBeanServer.invoke(JmxMBeanServer.java:801)
		at org.apache.catalina.mbeans.MBeanFactory.createStandardContext(MBeanFactory.java:457)
		at org.apache.catalina.mbeans.MBeanFactory.createStandardContext(MBeanFactory.java:406)
		at sun.reflect.NativeMethodAccessorImpl.invoke0(Native Method)
		at sun.reflect.NativeMethodAccessorImpl.invoke(NativeMethodAccessorImpl.java:62)
		at sun.reflect.DelegatingMethodAccessorImpl.invoke(DelegatingMethodAccessorImpl.java:43)
		at java.lang.reflect.Method.invoke(Method.java:498)
		at org.apache.tomcat.util.modeler.BaseModelMBean.invoke(BaseModelMBean.java:289)
		at com.sun.jmx.interceptor.DefaultMBeanServerInterceptor.invoke(DefaultMBeanServerInterceptor.java:819)
		at com.sun.jmx.mbeanserver.JmxMBeanServer.invoke(JmxMBeanServer.java:801)
		at javax.management.remote.rmi.RMIConnectionImpl.doOperation(RMIConnectionImpl.java:1468)
		at javax.management.remote.rmi.RMIConnectionImpl.access$300(RMIConnectionImpl.java:76)
		at javax.management.remote.rmi.RMIConnectionImpl$PrivilegedOperation.run(RMIConnectionImpl.java:1309)
		at javax.management.remote.rmi.RMIConnectionImpl.doPrivilegedOperation(RMIConnectionImpl.java:1401)
		at javax.management.remote.rmi.RMIConnectionImpl.invoke(RMIConnectionImpl.java:829)
		at sun.reflect.NativeMethodAccessorImpl.invoke0(Native Method)
		at sun.reflect.NativeMethodAccessorImpl.invoke(NativeMethodAccessorImpl.java:62)
		at sun.reflect.DelegatingMethodAccessorImpl.invoke(DelegatingMethodAccessorImpl.java:43)
		at java.lang.reflect.Method.invoke(Method.java:498)
		at sun.rmi.server.UnicastServerRef.dispatch(UnicastServerRef.java:357)
		at sun.rmi.transport.Transport$1.run(Transport.java:200)
		at sun.rmi.transport.Transport$1.run(Transport.java:197)
		at java.security.AccessController.doPrivileged(Native Method)
		at sun.rmi.transport.Transport.serviceCall(Transport.java:196)
		at sun.rmi.transport.tcp.TCPTransport.handleMessages(TCPTransport.java:573)
		at sun.rmi.transport.tcp.TCPTransport$ConnectionHandler.run0(TCPTransport.java:834)
		at sun.rmi.transport.tcp.TCPTransport$ConnectionHandler.lambda$run$0(TCPTransport.java:688)
		at java.security.AccessController.doPrivileged(Native Method)
		at sun.rmi.transport.tcp.TCPTransport$ConnectionHandler.run(TCPTransport.java:687)
		at java.util.concurrent.ThreadPoolExecutor.runWorker(ThreadPoolExecutor.java:1149)
		at java.util.concurrent.ThreadPoolExecutor$Worker.run(ThreadPoolExecutor.java:624)
		at java.lang.Thread.run(Thread.java:748)
	Caused by: org.apache.catalina.LifecycleException: Failed to start component [org.apache.catalina.webresources.StandardRoot@50d764e4]
		at org.apache.catalina.util.LifecycleBase.handleSubClassException(LifecycleBase.java:440)
		at org.apache.catalina.util.LifecycleBase.start(LifecycleBase.java:198)
		at org.apache.catalina.core.StandardContext.resourcesStart(StandardContext.java:4797)
		at org.apache.catalina.core.StandardContext.startInternal(StandardContext.java:4932)
		at org.apache.catalina.util.LifecycleBase.start(LifecycleBase.java:183)
		at org.apache.catalina.core.ContainerBase.addChildInternal(ContainerBase.java:717)
		... 41 more
	Caused by: java.lang.IllegalArgumentException: The main resource set specified [/WebDemo/firstweb_war_exploded] is not valid
		at org.apache.catalina.webresources.StandardRoot.createMainResourceSet(StandardRoot.java:752)
		at org.apache.catalina.webresources.StandardRoot.startInternal(StandardRoot.java:709)
		at org.apache.catalina.util.LifecycleBase.start(LifecycleBase.java:183)
		... 45 more
05-Jul-2019 21:34:54.388 SEVERE [RMI TCP Connection(3630)-112.17.240.245] org.apache.tomcat.util.modeler.BaseModelMBean.invoke Exception invoking method [createStandardContext]
	javax.management.RuntimeOperationsException: Exception invoking method [manageApp]
		at org.apache.tomcat.util.modeler.BaseModelMBean.invoke(BaseModelMBean.java:298)
		at com.sun.jmx.interceptor.DefaultMBeanServerInterceptor.invoke(DefaultMBeanServerInterceptor.java:819)
		at com.sun.jmx.mbeanserver.JmxMBeanServer.invoke(JmxMBeanServer.java:801)
		at org.apache.catalina.mbeans.MBeanFactory.createStandardContext(MBeanFactory.java:457)
		at org.apache.catalina.mbeans.MBeanFactory.createStandardContext(MBeanFactory.java:406)
		at sun.reflect.NativeMethodAccessorImpl.invoke0(Native Method)
		at sun.reflect.NativeMethodAccessorImpl.invoke(NativeMethodAccessorImpl.java:62)
		at sun.reflect.DelegatingMethodAccessorImpl.invoke(DelegatingMethodAccessorImpl.java:43)
		at java.lang.reflect.Method.invoke(Method.java:498)
		at org.apache.tomcat.util.modeler.BaseModelMBean.invoke(BaseModelMBean.java:289)
		at com.sun.jmx.interceptor.DefaultMBeanServerInterceptor.invoke(DefaultMBeanServerInterceptor.java:819)
		at com.sun.jmx.mbeanserver.JmxMBeanServer.invoke(JmxMBeanServer.java:801)
		at javax.management.remote.rmi.RMIConnectionImpl.doOperation(RMIConnectionImpl.java:1468)
		at javax.management.remote.rmi.RMIConnectionImpl.access$300(RMIConnectionImpl.java:76)
		at javax.management.remote.rmi.RMIConnectionImpl$PrivilegedOperation.run(RMIConnectionImpl.java:1309)
		at javax.management.remote.rmi.RMIConnectionImpl.doPrivilegedOperation(RMIConnectionImpl.java:1401)
		at javax.management.remote.rmi.RMIConnectionImpl.invoke(RMIConnectionImpl.java:829)
		at sun.reflect.NativeMethodAccessorImpl.invoke0(Native Method)
		at sun.reflect.NativeMethodAccessorImpl.invoke(NativeMethodAccessorImpl.java:62)
		at sun.reflect.DelegatingMethodAccessorImpl.invoke(DelegatingMethodAccessorImpl.java:43)
		at java.lang.reflect.Method.invoke(Method.java:498)
		at sun.rmi.server.UnicastServerRef.dispatch(UnicastServerRef.java:357)
		at sun.rmi.transport.Transport$1.run(Transport.java:200)
		at sun.rmi.transport.Transport$1.run(Transport.java:197)
		at java.security.AccessController.doPrivileged(Native Method)
		at sun.rmi.transport.Transport.serviceCall(Transport.java:196)
		at sun.rmi.transport.tcp.TCPTransport.handleMessages(TCPTransport.java:573)
		at sun.rmi.transport.tcp.TCPTransport$ConnectionHandler.run0(TCPTransport.java:834)
		at sun.rmi.transport.tcp.TCPTransport$ConnectionHandler.lambda$run$0(TCPTransport.java:688)
		at java.security.AccessController.doPrivileged(Native Method)
		at sun.rmi.transport.tcp.TCPTransport$ConnectionHandler.run(TCPTransport.java:687)
		at java.util.concurrent.ThreadPoolExecutor.runWorker(ThreadPoolExecutor.java:1149)
		at java.util.concurrent.ThreadPoolExecutor$Worker.run(ThreadPoolExecutor.java:624)
		at java.lang.Thread.run(Thread.java:748)
	Caused by: java.lang.IllegalStateException: Error starting child
		at org.apache.catalina.core.ContainerBase.addChildInternal(ContainerBase.java:720)
		at org.apache.catalina.core.ContainerBase.addChild(ContainerBase.java:690)
		at org.apache.catalina.core.StandardHost.addChild(StandardHost.java:705)
		at org.apache.catalina.startup.HostConfig.manageApp(HostConfig.java:1728)
		at sun.reflect.NativeMethodAccessorImpl.invoke0(Native Method)
		at sun.reflect.NativeMethodAccessorImpl.invoke(NativeMethodAccessorImpl.java:62)
		at sun.reflect.DelegatingMethodAccessorImpl.invoke(DelegatingMethodAccessorImpl.java:43)
		at java.lang.reflect.Method.invoke(Method.java:498)
		at org.apache.tomcat.util.modeler.BaseModelMBean.invoke(BaseModelMBean.java:289)
		... 33 more
	Caused by: org.apache.catalina.LifecycleException: Failed to start component [org.apache.catalina.webresources.StandardRoot@50d764e4]
		at org.apache.catalina.util.LifecycleBase.handleSubClassException(LifecycleBase.java:440)
		at org.apache.catalina.util.LifecycleBase.start(LifecycleBase.java:198)
		at org.apache.catalina.core.StandardContext.resourcesStart(StandardContext.java:4797)
		at org.apache.catalina.core.StandardContext.startInternal(StandardContext.java:4932)
		at org.apache.catalina.util.LifecycleBase.start(LifecycleBase.java:183)
		at org.apache.catalina.core.ContainerBase.addChildInternal(ContainerBase.java:717)
		... 41 more
	Caused by: java.lang.IllegalArgumentException: The main resource set specified [/WebDemo/firstweb_war_exploded] is not valid
		at org.apache.catalina.webresources.StandardRoot.createMainResourceSet(StandardRoot.java:752)
		at org.apache.catalina.webresources.StandardRoot.startInternal(StandardRoot.java:709)
		at org.apache.catalina.util.LifecycleBase.start(LifecycleBase.java:183)
		... 45 more
05-Jul-2019 21:37:14.874 INFO [http-nio-8080-exec-34] org.apache.coyote.http11.Http11Processor.service Error parsing HTTP request header
 Note: further occurrences of HTTP request parsing errors will be logged at DEBUG level.
	java.lang.IllegalArgumentException: Invalid character found in method name. HTTP method names must be tokens
		at org.apache.coyote.http11.Http11InputBuffer.parseRequestLine(Http11InputBuffer.java:415)
		at org.apache.coyote.http11.Http11Processor.service(Http11Processor.java:294)
		at org.apache.coyote.AbstractProcessorLight.process(AbstractProcessorLight.java:66)
		at org.apache.coyote.AbstractProtocol$ConnectionHandler.process(AbstractProtocol.java:853)
		at org.apache.tomcat.util.net.NioEndpoint$SocketProcessor.doRun(NioEndpoint.java:1587)
		at org.apache.tomcat.util.net.SocketProcessorBase.run(SocketProcessorBase.java:49)
		at java.util.concurrent.ThreadPoolExecutor.runWorker(ThreadPoolExecutor.java:1149)
		at java.util.concurrent.ThreadPoolExecutor$Worker.run(ThreadPoolExecutor.java:624)
		at org.apache.tomcat.util.threads.TaskThread$WrappingRunnable.run(TaskThread.java:61)
		at java.lang.Thread.run(Thread.java:748)
05-Jul-2019 21:46:18.010 INFO [Thread-5] org.apache.coyote.AbstractProtocol.pause Pausing ProtocolHandler ["http-nio-8080"]
05-Jul-2019 21:46:18.041 INFO [Thread-5] org.apache.coyote.AbstractProtocol.pause Pausing ProtocolHandler ["ajp-nio-8009"]
05-Jul-2019 21:46:18.048 INFO [Thread-5] org.apache.catalina.core.StandardService.stopInternal Stopping service [Catalina]
05-Jul-2019 21:46:18.074 INFO [Thread-5] org.apache.coyote.AbstractProtocol.stop Stopping ProtocolHandler ["http-nio-8080"]
05-Jul-2019 21:46:18.085 INFO [Thread-5] org.apache.coyote.AbstractProtocol.stop Stopping ProtocolHandler ["ajp-nio-8009"]
05-Jul-2019 21:46:18.087 INFO [Thread-5] org.apache.coyote.AbstractProtocol.destroy Destroying ProtocolHandler ["http-nio-8080"]
05-Jul-2019 21:46:18.098 INFO [Thread-5] org.apache.coyote.AbstractProtocol.destroy Destroying ProtocolHandler ["ajp-nio-8009"]
05-Jul-2019 21:49:05.413 WARNING [main] org.apache.tomcat.util.digester.SetPropertiesRule.begin Match [Server/Service/Engine/Host/Context] failed to set property [debug] to [0]
05-Jul-2019 21:49:05.476 INFO [main] org.apache.catalina.startup.VersionLoggerListener.log Server version name:   Apache Tomcat/9.0.21
05-Jul-2019 21:49:05.476 INFO [main] org.apache.catalina.startup.VersionLoggerListener.log Server built:          Jun 4 2019 20:19:36 UTC
05-Jul-2019 21:49:05.476 INFO [main] org.apache.catalina.startup.VersionLoggerListener.log Server version number: 9.0.21.0
05-Jul-2019 21:49:05.477 INFO [main] org.apache.catalina.startup.VersionLoggerListener.log OS Name:               Linux
05-Jul-2019 21:49:05.477 INFO [main] org.apache.catalina.startup.VersionLoggerListener.log OS Version:            3.10.0-514.26.2.el7.x86_64
05-Jul-2019 21:49:05.477 INFO [main] org.apache.catalina.startup.VersionLoggerListener.log Architecture:          amd64
05-Jul-2019 21:49:05.477 INFO [main] org.apache.catalina.startup.VersionLoggerListener.log Java Home:             /usr/lib/jvm/java-1.8.0-openjdk-1.8.0.212.b04-0.el7_6.x86_64/jre
05-Jul-2019 21:49:05.477 INFO [main] org.apache.catalina.startup.VersionLoggerListener.log JVM Version:           1.8.0_212-b04
05-Jul-2019 21:49:05.477 INFO [main] org.apache.catalina.startup.VersionLoggerListener.log JVM Vendor:            Oracle Corporation
05-Jul-2019 21:49:05.477 INFO [main] org.apache.catalina.startup.VersionLoggerListener.log CATALINA_BASE:         /root/tomcat/apache-tomcat-9.0.21
05-Jul-2019 21:49:05.477 INFO [main] org.apache.catalina.startup.VersionLoggerListener.log CATALINA_HOME:         /root/tomcat/apache-tomcat-9.0.21
05-Jul-2019 21:49:05.477 INFO [main] org.apache.catalina.startup.VersionLoggerListener.log Command line argument: -Djava.util.logging.config.file=/root/tomcat/apache-tomcat-9.0.21/conf/logging.properties
05-Jul-2019 21:49:05.478 INFO [main] org.apache.catalina.startup.VersionLoggerListener.log Command line argument: -Djava.util.logging.manager=org.apache.juli.ClassLoaderLogManager
05-Jul-2019 21:49:05.478 INFO [main] org.apache.catalina.startup.VersionLoggerListener.log Command line argument: -Djdk.tls.ephemeralDHKeySize=2048
05-Jul-2019 21:49:05.478 INFO [main] org.apache.catalina.startup.VersionLoggerListener.log Command line argument: -Djava.protocol.handler.pkgs=org.apache.catalina.webresources
05-Jul-2019 21:49:05.478 INFO [main] org.apache.catalina.startup.VersionLoggerListener.log Command line argument: -Dorg.apache.catalina.security.SecurityListener.UMASK=0027
05-Jul-2019 21:49:05.478 INFO [main] org.apache.catalina.startup.VersionLoggerListener.log Command line argument: -Dcom.sun.management.jmxremote
05-Jul-2019 21:49:05.478 INFO [main] org.apache.catalina.startup.VersionLoggerListener.log Command line argument: -Dcom.sun.management.jmxremote.port=1099
05-Jul-2019 21:49:05.478 INFO [main] org.apache.catalina.startup.VersionLoggerListener.log Command line argument: -Dcom.sun.management.jmxremote.ssl=false
05-Jul-2019 21:49:05.478 INFO [main] org.apache.catalina.startup.VersionLoggerListener.log Command line argument: -Dcom.sun.management.jmxremote.authenticate=false
05-Jul-2019 21:49:05.478 INFO [main] org.apache.catalina.startup.VersionLoggerListener.log Command line argument: -Djava.rmi.server.hostname=120.78.83.173
05-Jul-2019 21:49:05.478 INFO [main] org.apache.catalina.startup.VersionLoggerListener.log Command line argument: -agentlib:jdwp=transport=dt_socket,address=15833,suspend=n,server=y
05-Jul-2019 21:49:05.478 INFO [main] org.apache.catalina.startup.VersionLoggerListener.log Command line argument: -Dignore.endorsed.dirs=
05-Jul-2019 21:49:05.478 INFO [main] org.apache.catalina.startup.VersionLoggerListener.log Command line argument: -Dcatalina.base=/root/tomcat/apache-tomcat-9.0.21
05-Jul-2019 21:49:05.479 INFO [main] org.apache.catalina.startup.VersionLoggerListener.log Command line argument: -Dcatalina.home=/root/tomcat/apache-tomcat-9.0.21
05-Jul-2019 21:49:05.479 INFO [main] org.apache.catalina.startup.VersionLoggerListener.log Command line argument: -Djava.io.tmpdir=/root/tomcat/apache-tomcat-9.0.21/temp
05-Jul-2019 21:49:05.479 INFO [main] org.apache.catalina.core.AprLifecycleListener.lifecycleEvent The APR based Apache Tomcat Native library which allows optimal performance in production environments was not found on the java.library.path: [/usr/java/packages/lib/amd64:/usr/lib64:/lib64:/lib:/usr/lib]
05-Jul-2019 21:49:05.992 INFO [main] org.apache.coyote.AbstractProtocol.init Initializing ProtocolHandler ["http-nio-8080"]
05-Jul-2019 21:49:06.020 INFO [main] org.apache.coyote.AbstractProtocol.init Initializing ProtocolHandler ["ajp-nio-8009"]
05-Jul-2019 21:49:06.041 INFO [main] org.apache.catalina.startup.Catalina.load Server initialization in [1,037] milliseconds
05-Jul-2019 21:49:06.109 INFO [main] org.apache.catalina.core.StandardService.startInternal Starting service [Catalina]
05-Jul-2019 21:49:06.110 INFO [main] org.apache.catalina.core.StandardEngine.startInternal Starting Servlet engine: [Apache Tomcat/9.0.21]
05-Jul-2019 21:49:07.584 INFO [main] org.apache.jasper.servlet.TldScanner.scanJars At least one JAR was scanned for TLDs yet contained no TLDs. Enable debug logging for this logger for a complete list of JARs that were scanned but no TLDs were found in them. Skipping unneeded JARs during scanning can improve startup time and JSP compilation time.
05-Jul-2019 21:54:24.894 WARNING [main] org.apache.catalina.util.SessionIdGeneratorBase.createSecureRandom Creation of SecureRandom instance for session ID generation using [SHA1PRNG] took [317,306] milliseconds.
05-Jul-2019 21:54:24.934 INFO [main] org.apache.catalina.startup.HostConfig.deployDirectory Deploying web application directory [/root/tomcat/apache-tomcat-9.0.21/webapps/firstweb_war_exploded]
05-Jul-2019 21:54:25.408 INFO [main] org.apache.jasper.servlet.TldScanner.scanJars At least one JAR was scanned for TLDs yet contained no TLDs. Enable debug logging for this logger for a complete list of JARs that were scanned but no TLDs were found in them. Skipping unneeded JARs during scanning can improve startup time and JSP compilation time.
05-Jul-2019 21:54:25.420 INFO [main] org.apache.catalina.startup.HostConfig.deployDirectory Deployment of web application directory [/root/tomcat/apache-tomcat-9.0.21/webapps/firstweb_war_exploded] has finished in [486] ms
05-Jul-2019 21:54:25.441 INFO [main] org.apache.coyote.AbstractProtocol.start Starting ProtocolHandler ["http-nio-8080"]
05-Jul-2019 21:54:25.531 INFO [main] org.apache.coyote.AbstractProtocol.start Starting ProtocolHandler ["ajp-nio-8009"]
05-Jul-2019 21:54:25.554 INFO [main] org.apache.catalina.startup.Catalina.start Server startup in [319,513] milliseconds
05-Jul-2019 22:10:37.551 INFO [http-nio-8080-exec-41] org.apache.coyote.http11.Http11Processor.service Error parsing HTTP request header
 Note: further occurrences of HTTP request parsing errors will be logged at DEBUG level.
	java.lang.IllegalArgumentException: Invalid character found in method name. HTTP method names must be tokens
		at org.apache.coyote.http11.Http11InputBuffer.parseRequestLine(Http11InputBuffer.java:415)
		at org.apache.coyote.http11.Http11Processor.service(Http11Processor.java:294)
		at org.apache.coyote.AbstractProcessorLight.process(AbstractProcessorLight.java:66)
		at org.apache.coyote.AbstractProtocol$ConnectionHandler.process(AbstractProtocol.java:853)
		at org.apache.tomcat.util.net.NioEndpoint$SocketProcessor.doRun(NioEndpoint.java:1587)
		at org.apache.tomcat.util.net.SocketProcessorBase.run(SocketProcessorBase.java:49)
		at java.util.concurrent.ThreadPoolExecutor.runWorker(ThreadPoolExecutor.java:1149)
		at java.util.concurrent.ThreadPoolExecutor$Worker.run(ThreadPoolExecutor.java:624)
		at org.apache.tomcat.util.threads.TaskThread$WrappingRunnable.run(TaskThread.java:61)
		at java.lang.Thread.run(Thread.java:748)
05-Jul-2019 23:24:22.644 SEVERE [RMI TCP Connection(2027)-112.17.240.245] org.apache.tomcat.util.modeler.BaseModelMBean.invoke Exception invoking method [manageApp]
	java.lang.IllegalStateException: Error starting child
		at org.apache.catalina.core.ContainerBase.addChildInternal(ContainerBase.java:720)
		at org.apache.catalina.core.ContainerBase.addChild(ContainerBase.java:690)
		at org.apache.catalina.core.StandardHost.addChild(StandardHost.java:705)
		at org.apache.catalina.startup.HostConfig.manageApp(HostConfig.java:1728)
		at sun.reflect.NativeMethodAccessorImpl.invoke0(Native Method)
		at sun.reflect.NativeMethodAccessorImpl.invoke(NativeMethodAccessorImpl.java:62)
		at sun.reflect.DelegatingMethodAccessorImpl.invoke(DelegatingMethodAccessorImpl.java:43)
		at java.lang.reflect.Method.invoke(Method.java:498)
		at org.apache.tomcat.util.modeler.BaseModelMBean.invoke(BaseModelMBean.java:289)
		at com.sun.jmx.interceptor.DefaultMBeanServerInterceptor.invoke(DefaultMBeanServerInterceptor.java:819)
		at com.sun.jmx.mbeanserver.JmxMBeanServer.invoke(JmxMBeanServer.java:801)
		at org.apache.catalina.mbeans.MBeanFactory.createStandardContext(MBeanFactory.java:457)
		at org.apache.catalina.mbeans.MBeanFactory.createStandardContext(MBeanFactory.java:406)
		at sun.reflect.NativeMethodAccessorImpl.invoke0(Native Method)
		at sun.reflect.NativeMethodAccessorImpl.invoke(NativeMethodAccessorImpl.java:62)
		at sun.reflect.DelegatingMethodAccessorImpl.invoke(DelegatingMethodAccessorImpl.java:43)
		at java.lang.reflect.Method.invoke(Method.java:498)
		at org.apache.tomcat.util.modeler.BaseModelMBean.invoke(BaseModelMBean.java:289)
		at com.sun.jmx.interceptor.DefaultMBeanServerInterceptor.invoke(DefaultMBeanServerInterceptor.java:819)
		at com.sun.jmx.mbeanserver.JmxMBeanServer.invoke(JmxMBeanServer.java:801)
		at javax.management.remote.rmi.RMIConnectionImpl.doOperation(RMIConnectionImpl.java:1468)
		at javax.management.remote.rmi.RMIConnectionImpl.access$300(RMIConnectionImpl.java:76)
		at javax.management.remote.rmi.RMIConnectionImpl$PrivilegedOperation.run(RMIConnectionImpl.java:1309)
		at javax.management.remote.rmi.RMIConnectionImpl.doPrivilegedOperation(RMIConnectionImpl.java:1401)
		at javax.management.remote.rmi.RMIConnectionImpl.invoke(RMIConnectionImpl.java:829)
		at sun.reflect.NativeMethodAccessorImpl.invoke0(Native Method)
		at sun.reflect.NativeMethodAccessorImpl.invoke(NativeMethodAccessorImpl.java:62)
		at sun.reflect.DelegatingMethodAccessorImpl.invoke(DelegatingMethodAccessorImpl.java:43)
		at java.lang.reflect.Method.invoke(Method.java:498)
		at sun.rmi.server.UnicastServerRef.dispatch(UnicastServerRef.java:357)
		at sun.rmi.transport.Transport$1.run(Transport.java:200)
		at sun.rmi.transport.Transport$1.run(Transport.java:197)
		at java.security.AccessController.doPrivileged(Native Method)
		at sun.rmi.transport.Transport.serviceCall(Transport.java:196)
		at sun.rmi.transport.tcp.TCPTransport.handleMessages(TCPTransport.java:573)
		at sun.rmi.transport.tcp.TCPTransport$ConnectionHandler.run0(TCPTransport.java:834)
		at sun.rmi.transport.tcp.TCPTransport$ConnectionHandler.lambda$run$0(TCPTransport.java:688)
		at java.security.AccessController.doPrivileged(Native Method)
		at sun.rmi.transport.tcp.TCPTransport$ConnectionHandler.run(TCPTransport.java:687)
		at java.util.concurrent.ThreadPoolExecutor.runWorker(ThreadPoolExecutor.java:1149)
		at java.util.concurrent.ThreadPoolExecutor$Worker.run(ThreadPoolExecutor.java:624)
		at java.lang.Thread.run(Thread.java:748)
	Caused by: org.apache.catalina.LifecycleException: Failed to start component [org.apache.catalina.webresources.StandardRoot@507e714a]
		at org.apache.catalina.util.LifecycleBase.handleSubClassException(LifecycleBase.java:440)
		at org.apache.catalina.util.LifecycleBase.start(LifecycleBase.java:198)
		at org.apache.catalina.core.StandardContext.resourcesStart(StandardContext.java:4797)
		at org.apache.catalina.core.StandardContext.startInternal(StandardContext.java:4932)
		at org.apache.catalina.util.LifecycleBase.start(LifecycleBase.java:183)
		at org.apache.catalina.core.ContainerBase.addChildInternal(ContainerBase.java:717)
		... 41 more
	Caused by: java.lang.IllegalArgumentException: The main resource set specified [/WebDemo/firstweb_war_exploded] is not valid
		at org.apache.catalina.webresources.StandardRoot.createMainResourceSet(StandardRoot.java:752)
		at org.apache.catalina.webresources.StandardRoot.startInternal(StandardRoot.java:709)
		at org.apache.catalina.util.LifecycleBase.start(LifecycleBase.java:183)
		... 45 more
05-Jul-2019 23:24:22.646 SEVERE [RMI TCP Connection(2027)-112.17.240.245] org.apache.tomcat.util.modeler.BaseModelMBean.invoke Exception invoking method [createStandardContext]
	javax.management.RuntimeOperationsException: Exception invoking method [manageApp]
		at org.apache.tomcat.util.modeler.BaseModelMBean.invoke(BaseModelMBean.java:298)
		at com.sun.jmx.interceptor.DefaultMBeanServerInterceptor.invoke(DefaultMBeanServerInterceptor.java:819)
		at com.sun.jmx.mbeanserver.JmxMBeanServer.invoke(JmxMBeanServer.java:801)
		at org.apache.catalina.mbeans.MBeanFactory.createStandardContext(MBeanFactory.java:457)
		at org.apache.catalina.mbeans.MBeanFactory.createStandardContext(MBeanFactory.java:406)
		at sun.reflect.NativeMethodAccessorImpl.invoke0(Native Method)
		at sun.reflect.NativeMethodAccessorImpl.invoke(NativeMethodAccessorImpl.java:62)
		at sun.reflect.DelegatingMethodAccessorImpl.invoke(DelegatingMethodAccessorImpl.java:43)
		at java.lang.reflect.Method.invoke(Method.java:498)
		at org.apache.tomcat.util.modeler.BaseModelMBean.invoke(BaseModelMBean.java:289)
		at com.sun.jmx.interceptor.DefaultMBeanServerInterceptor.invoke(DefaultMBeanServerInterceptor.java:819)
		at com.sun.jmx.mbeanserver.JmxMBeanServer.invoke(JmxMBeanServer.java:801)
		at javax.management.remote.rmi.RMIConnectionImpl.doOperation(RMIConnectionImpl.java:1468)
		at javax.management.remote.rmi.RMIConnectionImpl.access$300(RMIConnectionImpl.java:76)
		at javax.management.remote.rmi.RMIConnectionImpl$PrivilegedOperation.run(RMIConnectionImpl.java:1309)
		at javax.management.remote.rmi.RMIConnectionImpl.doPrivilegedOperation(RMIConnectionImpl.java:1401)
		at javax.management.remote.rmi.RMIConnectionImpl.invoke(RMIConnectionImpl.java:829)
		at sun.reflect.NativeMethodAccessorImpl.invoke0(Native Method)
		at sun.reflect.NativeMethodAccessorImpl.invoke(NativeMethodAccessorImpl.java:62)
		at sun.reflect.DelegatingMethodAccessorImpl.invoke(DelegatingMethodAccessorImpl.java:43)
		at java.lang.reflect.Method.invoke(Method.java:498)
		at sun.rmi.server.UnicastServerRef.dispatch(UnicastServerRef.java:357)
		at sun.rmi.transport.Transport$1.run(Transport.java:200)
		at sun.rmi.transport.Transport$1.run(Transport.java:197)
		at java.security.AccessController.doPrivileged(Native Method)
		at sun.rmi.transport.Transport.serviceCall(Transport.java:196)
		at sun.rmi.transport.tcp.TCPTransport.handleMessages(TCPTransport.java:573)
		at sun.rmi.transport.tcp.TCPTransport$ConnectionHandler.run0(TCPTransport.java:834)
		at sun.rmi.transport.tcp.TCPTransport$ConnectionHandler.lambda$run$0(TCPTransport.java:688)
		at java.security.AccessController.doPrivileged(Native Method)
		at sun.rmi.transport.tcp.TCPTransport$ConnectionHandler.run(TCPTransport.java:687)
		at java.util.concurrent.ThreadPoolExecutor.runWorker(ThreadPoolExecutor.java:1149)
		at java.util.concurrent.ThreadPoolExecutor$Worker.run(ThreadPoolExecutor.java:624)
		at java.lang.Thread.run(Thread.java:748)
	Caused by: java.lang.IllegalStateException: Error starting child
		at org.apache.catalina.core.ContainerBase.addChildInternal(ContainerBase.java:720)
		at org.apache.catalina.core.ContainerBase.addChild(ContainerBase.java:690)
		at org.apache.catalina.core.StandardHost.addChild(StandardHost.java:705)
		at org.apache.catalina.startup.HostConfig.manageApp(HostConfig.java:1728)
		at sun.reflect.NativeMethodAccessorImpl.invoke0(Native Method)
		at sun.reflect.NativeMethodAccessorImpl.invoke(NativeMethodAccessorImpl.java:62)
		at sun.reflect.DelegatingMethodAccessorImpl.invoke(DelegatingMethodAccessorImpl.java:43)
		at java.lang.reflect.Method.invoke(Method.java:498)
		at org.apache.tomcat.util.modeler.BaseModelMBean.invoke(BaseModelMBean.java:289)
		... 33 more
	Caused by: org.apache.catalina.LifecycleException: Failed to start component [org.apache.catalina.webresources.StandardRoot@507e714a]
		at org.apache.catalina.util.LifecycleBase.handleSubClassException(LifecycleBase.java:440)
		at org.apache.catalina.util.LifecycleBase.start(LifecycleBase.java:198)
		at org.apache.catalina.core.StandardContext.resourcesStart(StandardContext.java:4797)
		at org.apache.catalina.core.StandardContext.startInternal(StandardContext.java:4932)
		at org.apache.catalina.util.LifecycleBase.start(LifecycleBase.java:183)
		at org.apache.catalina.core.ContainerBase.addChildInternal(ContainerBase.java:717)
		... 41 more
	Caused by: java.lang.IllegalArgumentException: The main resource set specified [/WebDemo/firstweb_war_exploded] is not valid
		at org.apache.catalina.webresources.StandardRoot.createMainResourceSet(StandardRoot.java:752)
		at org.apache.catalina.webresources.StandardRoot.startInternal(StandardRoot.java:709)
		at org.apache.catalina.util.LifecycleBase.start(LifecycleBase.java:183)
		... 45 more
05-Jul-2019 23:41:06.155 INFO [Thread-5] org.apache.coyote.AbstractProtocol.pause Pausing ProtocolHandler ["http-nio-8080"]
05-Jul-2019 23:41:06.164 INFO [Thread-5] org.apache.coyote.AbstractProtocol.pause Pausing ProtocolHandler ["ajp-nio-8009"]
05-Jul-2019 23:41:06.169 INFO [Thread-5] org.apache.catalina.core.StandardService.stopInternal Stopping service [Catalina]
05-Jul-2019 23:41:06.198 INFO [Thread-5] org.apache.coyote.AbstractProtocol.stop Stopping ProtocolHandler ["http-nio-8080"]
05-Jul-2019 23:41:06.207 INFO [Thread-5] org.apache.coyote.AbstractProtocol.stop Stopping ProtocolHandler ["ajp-nio-8009"]
05-Jul-2019 23:41:06.209 INFO [Thread-5] org.apache.coyote.AbstractProtocol.destroy Destroying ProtocolHandler ["http-nio-8080"]
05-Jul-2019 23:41:06.211 INFO [Thread-5] org.apache.coyote.AbstractProtocol.destroy Destroying ProtocolHandler ["ajp-nio-8009"]
